<?xml version="1.0" encoding="utf-8"?><testsuites name="pytest tests"><testsuite name="pytest" errors="0" failures="0" skipped="0" tests="8" time="2.226" timestamp="2026-09-05T21:27:24.506315+00:00" hostname="agent-env-5725762a-9ee2-4a36-a4b6-ef1ccae546aa"><testcase classname="tests.test_area_master_relations.TestMasterOptions" name="test_master_options_shape" time="0.664" /><testcase classname="tests.test_area_master_relations.TestAreaMaster" name="test_list_area_seeded" time="0.719" /><testcase classname="tests.test_area_master_relations.TestMasterOptions" name="test_master_options_forbidden_for_user" time="0.505" /><testcase classname="tests.test_area_master_relations.TestSupabaseAutoConnect" name="test_supabase_configured" time="0.054" /><testcase classname="tests.test_area_master_relations.TestAreaMaster" name="test_area_forbidden_for_user" time="0.509" /><testcase classname="tests.test_area_master_relations.TestSupabaseAutoConnect" name="test_supabase_forbidden_for_user" time="0.047" /><testcase classname="tests.test_area_master_relations.TestAreaMaster" name="test_area_crud" time="0.380" /><testcase classname="tests.test_area_master_relations.TestCustomerArea" name="test_customer_create_update_with_area" time="0.316" /></testsuite></testsuites>