<?xml version="1.0" encoding="utf-8"?><testsuites name="pytest tests"><testsuite name="pytest" errors="0" failures="0" skipped="0" tests="8" time="3.094" timestamp="2026-09-05T20:27:46.365806+00:00" hostname="agent-env-fb6ec476-2d36-47a3-ac85-004b2b7f1f2d"><testcase classname="tests.test_auth_401" name="test_customers_missing_token_returns_401" time="0.260" /><testcase classname="tests.test_auth_401" name="test_customers_invalid_bearer_returns_401" time="0.133" /><testcase classname="tests.test_auth_401" name="test_auth_me_missing_token_returns_401" time="0.166" /><testcase classname="tests.test_auth_401" name="test_user_login_success_and_me" time="0.472" /><testcase classname="tests.test_auth_401" name="test_admin_login_success_and_me" time="0.538" /><testcase classname="tests.test_auth_401" name="test_user_login_bad_password_returns_credential_error_not_session_error" time="0.351" /><testcase classname="tests.test_auth_401" name="test_admin_login_bad_password_returns_credential_error" time="0.337" /><testcase classname="tests.test_auth_401" name="test_customers_with_valid_token_returns_200" time="0.529" /></testsuite></testsuites>