<?xml version="1.0" encoding="utf-8"?><testsuites name="pytest tests"><testsuite name="pytest" errors="0" failures="0" skipped="0" tests="8" time="4.804" timestamp="2026-09-06T15:37:26.966342+00:00" hostname="agent-env-5022bc2d-5ea1-43a4-8448-b1f7c39523a3"><testcase classname="tests.test_bugAB_verify.TestBugBFreshness" name="test_customers_list_and_search" time="0.738" /><testcase classname="tests.test_bugAB_verify.TestBugASupabaseStorage" name="test_upload_logo_and_fetch_roundtrip" time="2.940" /><testcase classname="tests.test_bugAB_verify.TestBugBFreshness" name="test_filter_options_shape" time="0.146" /><testcase classname="tests.test_bugAB_verify.TestBugBFreshness" name="test_create_then_visible_and_delete_then_hidden" time="1.234" /><testcase classname="tests.test_bugAB_verify.TestBugBFreshness" name="test_sync_pull_now_endpoint_reachable" time="0.130" /><testcase classname="tests.test_bugAB_verify.TestBugASupabaseStorage" name="test_upload_rejects_non_image" time="0.137" /><testcase classname="tests.test_bugAB_verify.TestBugASupabaseStorage" name="test_upload_requires_admin" time="0.498" /><testcase classname="tests.test_bugAB_verify.TestBugASupabaseStorage" name="test_files_missing_path_404" time="0.877" /></testsuite></testsuites>