<?xml version="1.0" encoding="utf-8"?><testsuites name="pytest tests"><testsuite name="pytest" errors="0" failures="0" skipped="0" tests="7" time="1.922" timestamp="2026-09-06T04:35:35.761240+00:00" hostname="agent-env-74004e24-2121-43c1-8454-e4888b396953"><testcase classname="tests.test_import_export_xlsx.TestDownloads" name="test_template_is_valid_xlsx" time="0.499" /><testcase classname="tests.test_import_export_xlsx.TestDownloads" name="test_export_contains_48_customers" time="0.150" /><testcase classname="tests.test_import_export_xlsx.TestPreview" name="test_preview_export_all_skip" time="0.139" /><testcase classname="tests.test_import_export_xlsx.TestPreview" name="test_preview_template_one_create" time="0.153" /><testcase classname="tests.test_import_export_xlsx.TestPreview" name="test_preview_non_xlsx_returns_400" time="0.121" /><testcase classname="tests.test_import_export_xlsx.TestCommit" name="test_commit_creates_customer" time="0.157" /><testcase classname="tests.test_import_export_xlsx.TestCommit" name="test_verify_customer_exists_and_cleanup" time="0.473" /></testsuite></testsuites>