<?xml version="1.0" encoding="utf-8"?><testsuites name="pytest tests"><testsuite name="pytest" errors="0" failures="0" skipped="0" tests="10" time="4.045" timestamp="2026-09-05T23:57:39.154577+00:00" hostname="agent-env-fea82a6e-376a-43e2-aee1-f674e0a3bc44"><testcase classname="tests.test_iteration8_features.TestAuth" name="test_user_login" time="0.442" /><testcase classname="tests.test_iteration8_features.TestAuth" name="test_admin_login" time="0.444" /><testcase classname="tests.test_iteration8_features.TestSupabaseAdmin" name="test_supabase_has_access_token_field" time="0.889" /><testcase classname="tests.test_iteration8_features.TestSupabaseAdmin" name="test_schema_status_all_present" time="2.399" /><testcase classname="tests.test_iteration8_features.TestAuth" name="test_user_403_on_admin_route" time="0.378" /><testcase classname="tests.test_iteration8_features.TestAuth" name="test_admin_login_rejects_non_admin" time="0.285" /><testcase classname="tests.test_iteration8_features.TestConflictsCount" name="test_conflicts_count" time="0.373" /><testcase classname="tests.test_iteration8_features.TestConflictsCount" name="test_conflicts_count_user_403" time="0.062" /><testcase classname="tests.test_iteration8_features.TestSupabaseAdmin" name="test_ensure_schema_400_without_pat" time="0.069" /><testcase classname="tests.test_iteration8_features.TestAbout" name="test_about_meO_labs" time="0.367" /></testsuite></testsuites>