<?xml version="1.0" encoding="utf-8"?><testsuites name="pytest tests"><testsuite name="pytest" errors="0" failures="0" skipped="0" tests="17" time="24.256" timestamp="2026-09-05T22:13:20.773914+00:00" hostname="agent-env-5725762a-9ee2-4a36-a4b6-ef1ccae546aa"><testcase classname="tests.test_pull_conflicts_trash.TestConflictsEndpoints" name="test_list_conflicts_admin_ok" time="0.604" /><testcase classname="tests.test_pull_conflicts_trash.TestSyncPullNow" name="test_user_can_pull_now" time="2.231" /><testcase classname="tests.test_pull_conflicts_trash.TestConflictsEndpoints" name="test_list_conflicts_user_forbidden" time="0.375" /><testcase classname="tests.test_pull_conflicts_trash.TestConflictsEndpoints" name="test_list_conflicts_unauth" time="0.053" /><testcase classname="tests.test_pull_conflicts_trash.TestConflictsEndpoints" name="test_resolve_unknown_returns_404" time="0.052" /><testcase classname="tests.test_pull_conflicts_trash.TestConflictsEndpoints" name="test_resolve_bad_choice_returns_400" time="0.047" /><testcase classname="tests.test_pull_conflicts_trash.TestConflictsEndpoints" name="test_resolve_user_forbidden" time="0.058" /><testcase classname="tests.test_pull_conflicts_trash.TestSyncStatusRegression" name="test_sync_status_shape_admin" time="0.052" /><testcase classname="tests.test_pull_conflicts_trash.TestSyncStatusRegression" name="test_sync_status_shape_user" time="0.061" /><testcase classname="tests.test_pull_conflicts_trash.TestSyncStatusRegression" name="test_sync_status_unauth" time="0.046" /><testcase classname="tests.test_pull_conflicts_trash.TestConflictSeededResolve" name="test_resolve_keep_local" time="0.066" /><testcase classname="tests.test_pull_conflicts_trash.TestConflictSeededResolve" name="test_resolve_keep_online" time="0.095" /><testcase classname="tests.test_pull_conflicts_trash.TestTrashEndToEnd" name="test_soft_delete_appears_in_trash_and_restore_purge" time="0.384" /><testcase classname="tests.test_pull_conflicts_trash.TestTrashEndToEnd" name="test_soft_delete_stays_in_trash_after_20s_incremental_pull" time="21.790" /><testcase classname="tests.test_pull_conflicts_trash.TestSyncPullNow" name="test_admin_can_pull_now" time="1.924" /><testcase classname="tests.test_pull_conflicts_trash.TestSyncPullNow" name="test_pull_now_requires_auth" time="0.046" /><testcase classname="tests.test_pull_conflicts_trash.TestSyncPullNow" name="test_pull_now_updates_last_pull_at" time="2.557" /></testsuite></testsuites>