<?xml version="1.0" encoding="utf-8"?><testsuites name="pytest tests"><testsuite name="pytest" errors="0" failures="0" skipped="0" tests="6" time="16.608" timestamp="2026-09-06T04:13:25.517539+00:00" hostname="agent-env-74004e24-2121-43c1-8454-e4888b396953"><testcase classname="tests.test_supabase_hard_delete.TestRegression" name="test_admin_login" time="0.368" /><testcase classname="tests.test_supabase_hard_delete.TestRegression" name="test_user_login" time="0.343" /><testcase classname="tests.test_supabase_hard_delete.TestRegression" name="test_dashboard_statistics" time="0.153" /><testcase classname="tests.test_supabase_hard_delete.TestSupabaseHardDelete" name="test_create_and_hard_delete_flow" time="2.346" /><testcase classname="tests.test_supabase_hard_delete.TestTrashPurgeNoResurrect" name="test_purge_after_soft_delete_keeps_supabase_empty" time="12.809" /><testcase classname="tests.test_supabase_hard_delete" name="test_zzz_final_cleanup" time="0.510" /></testsuite></testsuites>