<?xml version="1.0" encoding="utf-8"?><testsuites name="pytest tests"><testsuite name="pytest" errors="0" failures="0" skipped="0" tests="14" time="25.673" timestamp="2026-09-05T22:27:19.922253+00:00" hostname="agent-env-5725762a-9ee2-4a36-a4b6-ef1ccae546aa"><testcase classname="tests.test_sync_completeness.TestRegression" name="test_sync_pull_now_user" time="1.829" /><testcase classname="tests.test_sync_completeness.TestMasterSync" name="test_master_crud_no_errors[purchasing_size]" time="6.450" /><testcase classname="tests.test_sync_completeness.TestRegression" name="test_admin_trash_customer" time="0.317" /><testcase classname="tests.test_sync_completeness.TestRegression" name="test_admin_conflicts_list" time="0.045" /><testcase classname="tests.test_sync_completeness.TestRegression" name="test_final_queue_clean" time="2.148" /><testcase classname="tests.test_sync_completeness.TestBaseline" name="test_baseline_queue_clean" time="1.607" /><testcase classname="tests.test_sync_completeness.TestBaseline" name="test_sync_status_not_failed" time="0.177" /><testcase classname="tests.test_sync_completeness.TestCustomerSync" name="test_customer_crud_no_errors" time="5.873" /><testcase classname="tests.test_sync_completeness.TestMasterSync" name="test_master_crud_no_errors[segment]" time="6.073" /><testcase classname="tests.test_sync_completeness.TestUserSync" name="test_admin_user_crud_no_errors" time="6.428" /><testcase classname="tests.test_sync_completeness.TestMasterSync" name="test_master_crud_no_errors[top]" time="6.781" /><testcase classname="tests.test_sync_completeness.TestAboutSync" name="test_about_update_no_errors" time="4.156" /><testcase classname="tests.test_sync_completeness.TestMasterSync" name="test_master_crud_no_errors[area]" time="6.059" /><testcase classname="tests.test_sync_completeness.TestPull" name="test_pull_returns_summary_no_errors" time="1.372" /></testsuite></testsuites>