<?xml version="1.0" encoding="utf-8"?><testsuites name="pytest tests"><testsuite name="pytest" errors="0" failures="0" skipped="0" tests="15" time="6.848" timestamp="2026-09-05T20:14:58.512012+00:00" hostname="agent-env-fb6ec476-2d36-47a3-ac85-004b2b7f1f2d"><testcase classname="tests.test_sync_and_excel.TestSyncEngine" name="test_create_customer_creates_queue_item" time="1.370" /><testcase classname="tests.test_sync_and_excel.TestMasterCRUD" name="test_master_flow[purchasing_size]" time="1.397" /><testcase classname="tests.test_sync_and_excel.TestSyncEngine" name="test_delete_customer_does_not_reappear" time="0.994" /><testcase classname="tests.test_sync_and_excel.TestMasterCRUD" name="test_master_flow[segment]" time="0.847" /><testcase classname="tests.test_sync_and_excel.TestMasterCRUD" name="test_master_flow[top]" time="0.774" /><testcase classname="tests.test_sync_and_excel.TestSyncEngine" name="test_create_then_delete_cancels_when_sync_off" time="1.070" /><testcase classname="tests.test_sync_and_excel.TestExcelIO" name="test_template" time="0.146" /><testcase classname="tests.test_sync_and_excel.TestExcelIO" name="test_export_has_seeded_customers" time="0.167" /><testcase classname="tests.test_sync_and_excel.TestExcelIO" name="test_import_round_trip" time="1.010" /><testcase classname="tests.test_sync_and_excel.TestSyncEngine" name="test_offline_queue_pending_counter" time="1.089" /><testcase classname="tests.test_sync_and_excel.TestMasterUnknown" name="test_unknown_master_type_404" time="0.098" /><testcase classname="tests.test_sync_and_excel.TestUserCRUD" name="test_create_and_login" time="0.960" /><testcase classname="tests.test_sync_and_excel.TestHealth" name="test_root" time="0.278" /><testcase classname="tests.test_sync_and_excel.TestHealth" name="test_admin_login_hidden_route" time="0.579" /><testcase classname="tests.test_sync_and_excel.TestLogoUpload" name="test_upload_and_serve" time="0.591" /></testsuite></testsuites>