<?xml version="1.0" encoding="utf-8"?><testsuites name="pytest tests"><testsuite name="pytest" errors="0" failures="0" skipped="0" tests="12" time="5.918" timestamp="2026-09-05T21:50:18.166701+00:00" hostname="agent-env-5725762a-9ee2-4a36-a4b6-ef1ccae546aa"><testcase classname="tests.test_trash_sync_status.TestTrashCustomer" name="test_soft_delete_restore" time="1.553" /><testcase classname="tests.test_trash_sync_status.TestSyncStatus" name="test_shape_and_enum_admin" time="0.735" /><testcase classname="tests.test_trash_sync_status.TestSyncStatus" name="test_available_to_user" time="0.464" /><testcase classname="tests.test_trash_sync_status.TestSyncStatus" name="test_unauth" time="0.162" /><testcase classname="tests.test_trash_sync_status.TestSupabasePull" name="test_pull_summary_shape" time="1.677" /><testcase classname="tests.test_trash_sync_status.TestTrashCustomer" name="test_purge_removes_permanently" time="0.585" /><testcase classname="tests.test_trash_sync_status.TestExcelEndpoints" name="test_export_xlsx_200" time="0.191" /><testcase classname="tests.test_trash_sync_status.TestExcelEndpoints" name="test_template_xlsx_200" time="0.118" /><testcase classname="tests.test_trash_sync_status.TestTrashAreaMaster" name="test_area_soft_delete_and_restore" time="0.935" /><testcase classname="tests.test_trash_sync_status.TestSupabasePull" name="test_pull_does_not_resurrect_purged" time="2.294" /><testcase classname="tests.test_trash_sync_status.TestImportAutoArea" name="test_import_auto_creates_area" time="1.026" /><testcase classname="tests.test_trash_sync_status.TestTrashCounts" name="test_counts_contain_five_entities" time="0.105" /></testsuite></testsuites>